<?xml version="1.0" encoding="UTF-8"?>
<!-- Generated by org.testng.reporters.JUnitReportReporter -->
<testsuite hostname="DESKTOP-MM7I7O4" failures="0" tests="1" name="FileLoading.Window.FileUpload" time="9.565" errors="0" timestamp="2023-04-17T20:01:04 IST" skipped="0">
  <testcase classname="FileLoading.Window.FileUpload" name="testing" time="9.565"/>
  <system-out/>
</testsuite> <!-- FileLoading.Window.FileUpload -->
