<?xml version="1.0" encoding="UTF-8"?>
<!-- Generated by org.testng.reporters.JUnitReportReporter -->
<testsuite hostname="DESKTOP-MM7I7O4" failures="0" tests="1" name="FileLoading.Window.windowAuthentication" time="7.195" errors="0" timestamp="2023-04-17T16:02:39 IST" skipped="0">
  <testcase classname="FileLoading.Window.windowAuthentication" name="urlauthedication" time="7.195"/>
  <system-out/>
</testsuite> <!-- FileLoading.Window.windowAuthentication -->
