<?xml version="1.0" encoding="UTF-8"?>
<!-- Generated by org.testng.reporters.JUnitReportReporter -->
<testsuite hostname="DESKTOP-MM7I7O4" failures="0" tests="1" name="FileLoading.Window.FileReader" time="1.011" errors="0" timestamp="2023-05-14T13:31:40 IST" skipped="0">
  <testcase classname="FileLoading.Window.FileReader" name="filereader" time="1.011"/>
  <system-out/>
</testsuite> <!-- FileLoading.Window.FileReader -->
