<?xml version="1.0" encoding="UTF-8"?>
<!-- Generated by org.testng.reporters.JUnitReportReporter -->
<testsuite hostname="DESKTOP-MM7I7O4" failures="0" tests="1" name="FileLoading.Window.PdfDownload" time="0.489" errors="0" timestamp="2023-05-14T13:57:17 IST" skipped="0">
  <testcase classname="FileLoading.Window.PdfDownload" name="verifyContentInPDf" time="0.489"/>
  <system-out/>
</testsuite> <!-- FileLoading.Window.PdfDownload -->
