<?xml version="1.0" encoding="UTF-8"?>
<!-- Generated by org.testng.reporters.JUnitReportReporter -->
<testsuite hostname="DESKTOP-MM7I7O4" failures="0" tests="1" name="FileLoading.Window.NewFilwUpload" time="13.772" errors="0" timestamp="2023-04-17T19:46:41 IST" skipped="0">
  <testcase classname="FileLoading.Window.NewFilwUpload" name="data" time="13.772"/>
  <system-out/>
</testsuite> <!-- FileLoading.Window.NewFilwUpload -->
