<?xml version="1.0" encoding="UTF-8"?>
<!-- Generated by org.testng.reporters.JUnitReportReporter -->
<testsuite hostname="DESKTOP-MM7I7O4" failures="0" tests="1" name="FileLoading.Window.fileDownload" time="17.741" errors="0" timestamp="2023-05-14T13:20:09 IST" skipped="0">
  <testcase classname="FileLoading.Window.fileDownload" name="download" time="17.741"/>
  <system-out/>
</testsuite> <!-- FileLoading.Window.fileDownload -->
