<?xml version="1.0" encoding="UTF-8"?>
<!-- Generated by org.testng.reporters.JUnitReportReporter -->
<testsuite hostname="DESKTOP-MM7I7O4" failures="0" tests="3" name="ExcelData.DataProvider.New" time="0.012" errors="0" timestamp="2023-04-15T15:51:03 IST" skipped="0">
  <testcase classname="ExcelData.DataProvider.New" name="testCaseData" time="0.009"/>
  <system-out/>
  <testcase classname="ExcelData.DataProvider.New" name="testCaseData" time="0.002"/>
  <system-out/>
  <testcase classname="ExcelData.DataProvider.New" name="testCaseData" time="0.001"/>
  <system-out/>
</testsuite> <!-- ExcelData.DataProvider.New -->
