<?xml version="1.0" encoding="UTF-8"?>
<!-- Generated by org.testng.reporters.JUnitReportReporter -->
<testsuite hostname="DESKTOP-MM7I7O4" failures="0" tests="1" name="gwwpqa.TestScript.RegisterPageTest" time="28.777" errors="0" timestamp="2023-05-17T18:19:15 IST" skipped="0">
  <testcase classname="gwwpqa.TestScript.RegisterPageTest" name="registeruser" time="28.777"/>
  <system-out/>
</testsuite> <!-- gwwpqa.TestScript.RegisterPageTest -->
