<?xml version="1.0" encoding="UTF-8"?>
<!-- Generated by org.testng.reporters.JUnitReportReporter -->
<testsuite hostname="DESKTOP-MM7I7O4" failures="0" tests="1" name="gwwpqa.TestScript.loginPageTest" time="50.326" errors="0" timestamp="2023-05-19T18:45:24 IST" skipped="0">
  <testcase classname="gwwpqa.TestScript.loginPageTest" name="login" time="50.326"/>
  <system-out/>
</testsuite> <!-- gwwpqa.TestScript.loginPageTest -->
